<?xml version="1.0" encoding="UTF-8"?>
<testsuites name="Login - TS" time="19.554" tests="1" failures="0" errors="0">
   <testsuite name="Login - TS" tests="1" failures="0" errors="0" time="19.554" timestamp="2021-06-22 19:56:40" hostname="mosaj - 192.168.0.105" id="Test Suites/Ornage HRM/Login - TS">
      <properties>
         <property name="deviceName" value=""/>
         <property name="devicePlatform" value=""/>
         <property name="logFolder" value="/Users/mosaj/git/MAYA-FINAL-IOS/Reports/20210622_195616/Ornage HRM/Login - TS/20210622_195616"/>
         <property name="logFiles" value="/Users/mosaj/git/MAYA-FINAL-IOS/Reports/20210622_195616/Ornage HRM/Login - TS/20210622_195616/execution0.log"/>
         <property name="attachments" value="/Users/mosaj/git/MAYA-FINAL-IOS/Reports/20210622_195616/Ornage HRM/Login - TS/20210622_195616/1624363010302.png"/>
         <property name="hostName" value="mosaj - 192.168.0.105"/>
         <property name="os" value="Mac OS X 64bit"/>
         <property name="katalonVersion" value="7.2.1.1"/>
         <property name="browser" value="Chrome 91.0.4472.114"/>
         <property name="hostAddress" value="192.168.0.105"/>
         <property name="sessionId" value="fa83f04f384e02426d73788e4b16bed5"/>
         <property name="seleniumVersion" value="3.141.59"/>
         <property name="proxyInformation" value="ProxyInformation{proxyOption=NO_PROXY, proxyServerType=HTTP, password=, proxyServerAddress=, proxyServerPort=-1, executionList=}"/>
         <property name="platform" value="Mac OS X"/>
      </properties>
      <testcase name="Test Cases/online tutorial/login HRM" time="17.387" classname="Test Cases/online tutorial/login HRM" status="PASSED">
         <system-out><![CDATA[2021-06-22 19:56:41 - [TEST_CASE][PASSED] - Test Cases/online tutorial/login HRM: Test Cases/online tutorial/login HRM

2021-06-22 19:56:42 - [TEST_STEP][PASSED] - openBrowser(""): Browser is opened with url: ''

2021-06-22 19:56:42 - [MESSAGE][INFO] - Starting 'Chrome' driver

2021-06-22 19:56:42 - [MESSAGE][INFO] - Action delay is set to 0 seconds

2021-06-22 19:56:46 - [MESSAGE][PASSED] - Browser is opened with url: ''

2021-06-22 19:56:46 - [TEST_STEP][PASSED] - maximizeWindow(): Current window maximized

2021-06-22 19:56:46 - [MESSAGE][PASSED] - Current window maximized

2021-06-22 19:56:46 - [TEST_STEP][PASSED] - navigateToUrl("https://mosajgohar-trials71.orangehrmlive.com/auth/login"): Navigate to 'https://mosajgohar-trials71.orangehrmlive.com/auth/login' successfully

2021-06-22 19:56:49 - [MESSAGE][PASSED] - Navigate to 'https://mosajgohar-trials71.orangehrmlive.com/auth/login' successfully

2021-06-22 19:56:49 - [TEST_STEP][PASSED] - click(findTestObject("Object Repository/Orange HRM Login/Page_OrangeHRM/span_Username")): Object: 'Object Repository/Orange HRM Login/Page_OrangeHRM/span_Username' is clicked on

2021-06-22 19:56:49 - [MESSAGE][PASSED] - Object: 'Object Repository/Orange HRM Login/Page_OrangeHRM/span_Username' is clicked on

2021-06-22 19:56:49 - [TEST_STEP][PASSED] - takeScreenshot(): Taking screenshot successfully

2021-06-22 19:56:50 - [MESSAGE][PASSED] - Taking screenshot successfully
[[ATTACHMENT|/Users/mosaj/git/MAYA-FINAL-IOS/Reports/20210622_195616/Ornage HRM/Login - TS/20210622_195616/1624363010302.png]]

2021-06-22 19:56:50 - [TEST_STEP][PASSED] - setText(findTestObject("Object Repository/Orange HRM Login/Page_OrangeHRM/input_LOGIN Panel_txtUsername"), findTestData("OrangeHRM/Login credentials").getValue(1, 1)): Text 'Admin' is set on object 'Object Repository/Orange HRM Login/Page_OrangeHRM/input_LOGIN Panel_txtUsername'

2021-06-22 19:56:52 - [MESSAGE][PASSED] - Text 'Admin' is set on object 'Object Repository/Orange HRM Login/Page_OrangeHRM/input_LOGIN Panel_txtUsername'

2021-06-22 19:56:52 - [TEST_STEP][PASSED] - setText(findTestObject("Object Repository/Orange HRM Login/Page_OrangeHRM/input_Username_txtPassword"), findTestData("OrangeHRM/Login credentials").getValue(2, 1)): Text 'Up62EXrKm@' is set on object 'Object Repository/Orange HRM Login/Page_OrangeHRM/input_Username_txtPassword'

2021-06-22 19:56:52 - [MESSAGE][PASSED] - Text 'Up62EXrKm@' is set on object 'Object Repository/Orange HRM Login/Page_OrangeHRM/input_Username_txtPassword'

2021-06-22 19:56:52 - [TEST_STEP][PASSED] - click(findTestObject("Object Repository/Orange HRM Login/Page_OrangeHRM/input_Password_Submit")): Object: 'Object Repository/Orange HRM Login/Page_OrangeHRM/input_Password_Submit' is clicked on

2021-06-22 19:56:58 - [MESSAGE][PASSED] - Object: 'Object Repository/Orange HRM Login/Page_OrangeHRM/input_Password_Submit' is clicked on]]></system-out>
         <system-err><![CDATA[]]></system-err>
      </testcase>
      <system-out><![CDATA[2021-06-22 19:56:40 - [TEST_SUITE][PASSED] - Login - TS: Test Cases/online tutorial/login HRM]]></system-out>
      <system-err><![CDATA[]]></system-err>
   </testsuite>
</testsuites>
