<?xml version="1.0" encoding="UTF-8"?>
<testsuites name="Login - TS" time="42.023" tests="1" failures="0" errors="0">
   <testsuite name="Login - TS" tests="1" failures="0" errors="0" time="42.023" timestamp="2021-06-19 17:46:10" hostname="mosaj - 192.168.0.105" id="Test Suites/Ornage HRM/Login - TS">
      <properties>
         <property name="deviceName" value=""/>
         <property name="devicePlatform" value=""/>
         <property name="logFolder" value="/Users/mosaj/git/MAYA-FINAL-IOS/Reports/20210619_174552/Ornage HRM/Login - TS/20210619_174552"/>
         <property name="logFiles" value="/Users/mosaj/git/MAYA-FINAL-IOS/Reports/20210619_174552/Ornage HRM/Login - TS/20210619_174552/execution0.log"/>
         <property name="attachments" value="/Users/mosaj/git/MAYA-FINAL-IOS/Reports/20210619_174552/Ornage HRM/Login - TS/20210619_174552/1624095991615.png, /Users/mosaj/git/MAYA-FINAL-IOS/Reports/20210619_174552/Ornage HRM/Login - TS/20210619_174552/1624096008204.png"/>
         <property name="hostName" value="mosaj - 192.168.0.105"/>
         <property name="os" value="Mac OS X 64bit"/>
         <property name="katalonVersion" value="7.2.1.1"/>
         <property name="browser" value="Firefox 85.0"/>
         <property name="hostAddress" value="192.168.0.105"/>
         <property name="sessionId" value="3e9c1eaa-ffb4-cd45-ae06-662bfe522e14"/>
         <property name="seleniumVersion" value="3.141.59"/>
         <property name="proxyInformation" value="ProxyInformation{proxyOption=NO_PROXY, proxyServerType=HTTP, password=, proxyServerAddress=, proxyServerPort=-1, executionList=}"/>
         <property name="platform" value="Mac OS X"/>
      </properties>
      <testcase name="Test Cases/online tutorial/login HRM" time="37.35" classname="Test Cases/online tutorial/login HRM" status="PASSED">
         <system-out><![CDATA[2021-06-19 17:46:11 - [TEST_CASE][PASSED] - Test Cases/online tutorial/login HRM: Test Cases/online tutorial/login HRM

2021-06-19 17:46:12 - [TEST_STEP][PASSED] - openBrowser(""): Browser is opened with url: ''

2021-06-19 17:46:13 - [MESSAGE][INFO] - Starting 'Firefox' driver

2021-06-19 17:46:14 - [MESSAGE][INFO] - Action delay is set to 0 seconds

2021-06-19 17:46:25 - [MESSAGE][PASSED] - Browser is opened with url: ''

2021-06-19 17:46:25 - [TEST_STEP][PASSED] - maximizeWindow(): Current window maximized

2021-06-19 17:46:25 - [MESSAGE][PASSED] - Current window maximized

2021-06-19 17:46:25 - [TEST_STEP][PASSED] - navigateToUrl("https://mosajgohar-trials71.orangehrmlive.com/auth/login"): Navigate to 'https://mosajgohar-trials71.orangehrmlive.com/auth/login' successfully

2021-06-19 17:46:30 - [MESSAGE][PASSED] - Navigate to 'https://mosajgohar-trials71.orangehrmlive.com/auth/login' successfully

2021-06-19 17:46:30 - [TEST_STEP][PASSED] - click(findTestObject("Object Repository/Orange HRM Login/Page_OrangeHRM/span_Username")): Object: 'Object Repository/Orange HRM Login/Page_OrangeHRM/span_Username' is clicked on

2021-06-19 17:46:31 - [MESSAGE][PASSED] - Object: 'Object Repository/Orange HRM Login/Page_OrangeHRM/span_Username' is clicked on

2021-06-19 17:46:31 - [TEST_STEP][PASSED] - takeScreenshot(): Taking screenshot successfully

2021-06-19 17:46:31 - [MESSAGE][PASSED] - Taking screenshot successfully
[[ATTACHMENT|/Users/mosaj/git/MAYA-FINAL-IOS/Reports/20210619_174552/Ornage HRM/Login - TS/20210619_174552/1624095991615.png]]

2021-06-19 17:46:31 - [TEST_STEP][PASSED] - setText(findTestObject("Object Repository/Orange HRM Login/Page_OrangeHRM/input_LOGIN Panel_txtUsername"), findTestData("OrangeHRM/Login credentials").getValue(1, 1)): Text 'Admin' is set on object 'Object Repository/Orange HRM Login/Page_OrangeHRM/input_LOGIN Panel_txtUsername'

2021-06-19 17:46:34 - [MESSAGE][PASSED] - Text 'Admin' is set on object 'Object Repository/Orange HRM Login/Page_OrangeHRM/input_LOGIN Panel_txtUsername'

2021-06-19 17:46:34 - [TEST_STEP][PASSED] - setText(findTestObject("Object Repository/Orange HRM Login/Page_OrangeHRM/input_Username_txtPassword"), findTestData("OrangeHRM/Login credentials").getValue(2, 1)): Text 'Up62EXrKm@' is set on object 'Object Repository/Orange HRM Login/Page_OrangeHRM/input_Username_txtPassword'

2021-06-19 17:46:35 - [MESSAGE][PASSED] - Text 'Up62EXrKm@' is set on object 'Object Repository/Orange HRM Login/Page_OrangeHRM/input_Username_txtPassword'

2021-06-19 17:46:35 - [TEST_STEP][PASSED] - click(findTestObject("Object Repository/Orange HRM Login/Page_OrangeHRM/input_Password_Submit")): Object: 'Object Repository/Orange HRM Login/Page_OrangeHRM/input_Password_Submit' is clicked on

2021-06-19 17:46:41 - [MESSAGE][PASSED] - Object: 'Object Repository/Orange HRM Login/Page_OrangeHRM/input_Password_Submit' is clicked on

2021-06-19 17:46:41 - [TEST_STEP][PASSED] - takeScreenshot(): Taking screenshot successfully

2021-06-19 17:46:49 - [MESSAGE][PASSED] - Taking screenshot successfully
[[ATTACHMENT|/Users/mosaj/git/MAYA-FINAL-IOS/Reports/20210619_174552/Ornage HRM/Login - TS/20210619_174552/1624096008204.png]]

2021-06-19 17:46:49 - [TEST_STEP][NOT_RUN] - click(findTestObject("Object Repository/Orange HRM Login/Page_Dashboard/img")): NOT_RUN: click(findTestObject("Object Repository/Orange HRM Login/Page_Dashboard/img"))

2021-06-19 17:46:49 - [MESSAGE][NOT_RUN] - NOT_RUN: click(findTestObject("Object Repository/Orange HRM Login/Page_Dashboard/img"))

2021-06-19 17:46:49 - [TEST_STEP][NOT_RUN] - click(findTestObject("Object Repository/Orange HRM Login/Page_Apply Leave/span_Home")): NOT_RUN: click(findTestObject("Object Repository/Orange HRM Login/Page_Apply Leave/span_Home"))

2021-06-19 17:46:49 - [MESSAGE][NOT_RUN] - NOT_RUN: click(findTestObject("Object Repository/Orange HRM Login/Page_Apply Leave/span_Home"))

2021-06-19 17:46:49 - [TEST_STEP][NOT_RUN] - click(findTestObject("Object Repository/Orange HRM Login/Page_Dashboard/i_keyboard_arrow_down")): NOT_RUN: click(findTestObject("Object Repository/Orange HRM Login/Page_Dashboard/i_keyboard_arrow_down"))

2021-06-19 17:46:49 - [MESSAGE][NOT_RUN] - NOT_RUN: click(findTestObject("Object Repository/Orange HRM Login/Page_Dashboard/i_keyboard_arrow_down"))

2021-06-19 17:46:49 - [TEST_STEP][NOT_RUN] - click(findTestObject("Object Repository/Orange HRM Login/Page_Dashboard/i_keyboard_arrow_down")): NOT_RUN: click(findTestObject("Object Repository/Orange HRM Login/Page_Dashboard/i_keyboard_arrow_down"))

2021-06-19 17:46:49 - [MESSAGE][NOT_RUN] - NOT_RUN: click(findTestObject("Object Repository/Orange HRM Login/Page_Dashboard/i_keyboard_arrow_down"))

2021-06-19 17:46:49 - [TEST_STEP][NOT_RUN] - click(findTestObject("Object Repository/Orange HRM Login/Page_Dashboard/a_Logout")): NOT_RUN: click(findTestObject("Object Repository/Orange HRM Login/Page_Dashboard/a_Logout"))

2021-06-19 17:46:49 - [MESSAGE][NOT_RUN] - NOT_RUN: click(findTestObject("Object Repository/Orange HRM Login/Page_Dashboard/a_Logout"))

2021-06-19 17:46:49 - [TEST_STEP][NOT_RUN] - delay(5): NOT_RUN: delay(5)

2021-06-19 17:46:49 - [MESSAGE][NOT_RUN] - NOT_RUN: delay(5)

2021-06-19 17:46:49 - [TEST_STEP][NOT_RUN] - closeBrowser(): NOT_RUN: closeBrowser()

2021-06-19 17:46:49 - [MESSAGE][NOT_RUN] - NOT_RUN: closeBrowser()]]></system-out>
         <system-err><![CDATA[]]></system-err>
      </testcase>
      <system-out><![CDATA[2021-06-19 17:46:10 - [TEST_SUITE][PASSED] - Login - TS: Test Cases/online tutorial/login HRM]]></system-out>
      <system-err><![CDATA[]]></system-err>
   </testsuite>
</testsuites>
